pyxis: importing docker image: lukashinterleitner/master-thesis-data-science:latest
pyxis: imported docker image: lukashinterleitner/master-thesis-data-science:latest
Setting: paraphrased
Computation Type: gradient-similarity
Use Random Projection: False
Device: cuda:0
Model parameters: 1176764416
======================
OlmoForCausalLM(
  (model): OlmoModel(
    (embed_tokens): Embedding(50304, 2048, padding_idx=1)
    (layers): ModuleList(
      (0-15): 16 x OlmoDecoderLayer(
        (self_attn): OlmoAttention(
          (q_proj): Linear(in_features=2048, out_features=2048, bias=False)
          (k_proj): Linear(in_features=2048, out_features=2048, bias=False)
          (v_proj): Linear(in_features=2048, out_features=2048, bias=False)
          (o_proj): Linear(in_features=2048, out_features=2048, bias=False)
        )
        (mlp): OlmoMLP(
          (gate_proj): Linear(in_features=2048, out_features=8192, bias=False)
          (up_proj): Linear(in_features=2048, out_features=8192, bias=False)
          (down_proj): Linear(in_features=8192, out_features=2048, bias=False)
          (act_fn): SiLU()
        )
        (input_layernorm): OlmoLayerNorm()
        (post_attention_layernorm): OlmoLayerNorm()
      )
    )
    (norm): OlmoLayerNorm()
    (rotary_emb): OlmoRotaryEmbedding()
  )
  (lm_head): Linear(in_features=2048, out_features=50304, bias=False)
)
Gradients + flattened similarities:   0%|          | 0/2 [00:00<?, ?it/s]P(lima_0) vs O(lima_0):   0%|          | 0/2 [00:02<?, ?it/s]            P(lima_0) vs O(lima_451):   0%|          | 0/2 [00:06<?, ?it/s]P(lima_0) vs O(lima_947):   0%|          | 0/2 [00:10<?, ?it/s]P(lima_0) vs O(lima_266):   0%|          | 0/2 [00:14<?, ?it/s]P(lima_0) vs O(lima_110):   0%|          | 0/2 [00:18<?, ?it/s]P(lima_0) vs O(lima_110):  50%|█████     | 1/2 [00:22<00:22, 22.06s/it]P(lima_1) vs O(lima_1):  50%|█████     | 1/2 [00:23<00:22, 22.06s/it]  P(lima_1) vs O(lima_122):  50%|█████     | 1/2 [00:27<00:22, 22.06s/it]P(lima_1) vs O(lima_22):  50%|█████     | 1/2 [00:31<00:22, 22.06s/it] P(lima_1) vs O(lima_337):  50%|█████     | 1/2 [00:34<00:22, 22.06s/it]P(lima_1) vs O(lima_83):  50%|█████     | 1/2 [00:37<00:22, 22.06s/it] P(lima_1) vs O(lima_83): 100%|██████████| 2/2 [00:40<00:00, 20.10s/it]P(lima_1) vs O(lima_83): 100%|██████████| 2/2 [00:40<00:00, 20.39s/it]
Elapsed time: 41.27 seconds
