pyxis: importing docker image: lukashinterleitner/master-thesis-data-science:latest
pyxis: imported docker image: lukashinterleitner/master-thesis-data-science:latest
[2025-05-22 12:04:57,643] [INFO] [real_accelerator.py:219:get_accelerator] Setting ds_accelerator to cuda (auto detect)
Warning: The cache directory for DeepSpeed Triton autotune, /srv/home/users/a51912219cs/.triton/autotune, appears to be on an NFS system. While this is generally acceptable, if you experience slowdowns or hanging when DeepSpeed exits, it is recommended to set the TRITON_CACHE_DIR environment variable to a non-NFS path.
Setting: paraphrased
Computation Type: gradient-similarity
Use Random Projection: True
Device: cuda:0
Model parameters: 1176764416
======================
OlmoForCausalLM(
  (model): OlmoModel(
    (embed_tokens): Embedding(50304, 2048, padding_idx=1)
    (layers): ModuleList(
      (0-15): 16 x OlmoDecoderLayer(
        (self_attn): OlmoAttention(
          (q_proj): Linear(in_features=2048, out_features=2048, bias=False)
          (k_proj): Linear(in_features=2048, out_features=2048, bias=False)
          (v_proj): Linear(in_features=2048, out_features=2048, bias=False)
          (o_proj): Linear(in_features=2048, out_features=2048, bias=False)
        )
        (mlp): OlmoMLP(
          (gate_proj): Linear(in_features=2048, out_features=8192, bias=False)
          (up_proj): Linear(in_features=2048, out_features=8192, bias=False)
          (down_proj): Linear(in_features=8192, out_features=2048, bias=False)
          (act_fn): SiLU()
        )
        (input_layernorm): OlmoLayerNorm()
        (post_attention_layernorm): OlmoLayerNorm()
      )
    )
    (norm): OlmoLayerNorm()
    (rotary_emb): OlmoRotaryEmbedding()
  )
  (lm_head): Linear(in_features=2048, out_features=50304, bias=False)
)
Projection dimensions:   0%|          | 0/2 [00:00<?, ?it/s]Projection dimension: 11767808

Gradients + similarities (random projection):   0%|          | 0/100 [00:00<?, ?it/s][Aslurmstepd: error: *** JOB 59229 ON dgx-h100-em2 CANCELLED AT 2025-05-22T12:17:48 ***
