pyxis: importing docker image: lukashinterleitner/master-thesis-data-science:latest
slurmstepd: error: pyxis: child 2250121 failed with error code: 255
slurmstepd: error: pyxis: failed to import docker image
slurmstepd: error: pyxis: printing enroot log file:
slurmstepd: error: pyxis:     [INFO] Querying registry for permission grant
slurmstepd: error: pyxis:     [INFO] Authenticating with user: <anonymous>
slurmstepd: error: pyxis:     [INFO] Authentication succeeded
slurmstepd: error: pyxis:     [INFO] Fetching image manifest list
slurmstepd: error: pyxis:     [INFO] Fetching image manifest
slurmstepd: error: pyxis:     [INFO] Downloading 12 missing layers...
slurmstepd: error: pyxis:     perl: warning: Setting locale failed.
slurmstepd: error: pyxis:     perl: warning: Please check that your locale settings:
slurmstepd: error: pyxis:     	LANGUAGE = "en_US:en",
slurmstepd: error: pyxis:     	LC_ALL = (unset),
slurmstepd: error: pyxis:     	LANG = "en_US.UTF-8"
slurmstepd: error: pyxis:         are supported and installed on your system.
slurmstepd: error: pyxis:     perl: warning: Falling back to the standard locale ("C").
slurmstepd: error: pyxis:     [INFO] Extracting image layers...
slurmstepd: error: pyxis:     perl: warning: Setting locale failed.
slurmstepd: error: pyxis:     perl: warning: Please check that your locale settings:
slurmstepd: error: pyxis:     	LANGUAGE = "en_US:en",
slurmstepd: error: pyxis:     	LC_ALL = (unset),
slurmstepd: error: pyxis:     	LANG = "en_US.UTF-8"
slurmstepd: error: pyxis:         are supported and installed on your system.
slurmstepd: error: pyxis:     perl: warning: Falling back to the standard locale ("C").
slurmstepd: error: pyxis:     parallel: Error: Output is incomplete.
slurmstepd: error: pyxis:     parallel: Error: Cannot append to buffer file in /tmp.
slurmstepd: error: pyxis:     parallel: Error: Is the disk full?
slurmstepd: error: pyxis:     parallel: Error: Change $TMPDIR with --tmpdir or use --compress.
slurmstepd: error: pyxis: couldn't start container
slurmstepd: error: spank: required plugin spank_pyxis.so: task_init() failed with rc=-1
slurmstepd: error: Failed to invoke spank plugin stack
slurmstepd: error: pyxis: child 2250556 failed with error code: 1
